

<!DOCTYPE html>
<html>
<head>
	<meta charset='UTF-8' /> 
	<meta name='description' content='' />
	<meta name='robots' content='noodp, noydir' />
	<meta name='viewport' content='width=device-width, initial-scale=1' />
	<meta id="timeStampFormat" name="timeStampFormat" content='MMM d, yyyy hh:mm:ss a'/>
	
	<link href='http://fonts.googleapis.com/css?family=Source+Sans+Pro:400,600' rel='stylesheet' type='text/css' />
	<link href="http://fonts.googleapis.com/icon?family=Material+Icons" rel="stylesheet" />
	<link href='http://cdn.rawgit.com/extent-framework/extent-github-cdn/b65cd69/v3html/css/extent.css' type='text/css' rel='stylesheet' />
	
	<title>Automation Exercise</title>

	<style type='text/css'>
		/* json-tree */
		.jstBracket,.jstComma,.jstValue{white-space:pre-wrap}.jstValue{font-size:10px;font-weight:400;font-family:"Lucida Console",Monaco,monospace}.jstProperty{color:#666;word-wrap:break-word}.jstBool{color:#2525CC}.jstNum{color:#D036D0}.jstNull{color:gray}.jstStr{color:#2DB669}.jstFold:after{content:' -';cursor:pointer}.jstExpand{white-space:normal}.jstExpand:after{content:' +';cursor:pointer}.jstFolded{white-space:normal!important}.jstHiddenBlock{display:none}
			
            
            .report-name { padding-left: 18px; } .report-name > img { float: 
      left;height: 90%;margin-left: 30px;margin-top: 3px;width: auto; }
        
        
	</style>
	
	<script type="text/javascript">
		/*! json-tree - v0.2.2 - 2017-09-25, MIT LICENSE */
		var JSONTree=function(){var n={"&":"&amp;","<":"&lt;",">":"&gt;",'"':"&quot;","'":"&#x27;","/":"&#x2F;"},t=0,r=0;this.create=function(n,t){return r+=1,N(u(n,0,!1),{class:"jstValue"})};var e=function(t){return t.replace(/[&<>'"]/g,function(t){return n[t]})},s=function(){return r+"_"+t++},u=function(n,t,r){if(null===n)return f(r?t:0);switch(typeof n){case"boolean":return l(n,r?t:0);case"number":return i(n,r?t:0);case"string":return o(n,r?t:0);default:return n instanceof Array?a(n,t,r):c(n,t,r)}},c=function(n,t,r){var e=s(),u=Object.keys(n).map(function(r){return j(r,n[r],t+1,!0)}).join(m()),c=[g("{",r?t:0,e),N(u,{id:e}),p("}",t)].join("\n");return N(c,{})},a=function(n,t,r){var e=s(),c=n.map(function(n){return u(n,t+1,!0)}).join(m());return[g("[",r?t:0,e),N(c,{id:e}),p("]",t)].join("\n")},o=function(n,t){var r=e(JSON.stringify(n));return N(v(r,t),{class:"jstStr"})},i=function(n,t){return N(v(n,t),{class:"jstNum"})},l=function(n,t){return N(v(n,t),{class:"jstBool"})},f=function(n){return N(v("null",n),{class:"jstNull"})},j=function(n,t,r){var s=v(e(JSON.stringify(n))+": ",r),c=N(u(t,r,!1),{});return N(s+c,{class:"jstProperty"})},m=function(){return N(",\n",{class:"jstComma"})},N=function(n,t){return d("span",t,n)},d=function(n,t,r){return"<"+n+Object.keys(t).map(function(n){return" "+n+'="'+t[n]+'"'}).join("")+">"+r+"</"+n+">"},g=function(n,t,r){return N(v(n,t),{class:"jstBracket"})+N("",{class:"jstFold",onclick:"JSONTree.toggle('"+r+"')"})};this.toggle=function(n){var t=document.getElementById(n),r=t.parentNode,e=t.previousElementSibling;""===t.className?(t.className="jstHiddenBlock",r.className="jstFolded",e.className="jstExpand"):(t.className="",r.className="",e.className="jstFold")};var p=function(n,t){return N(v(n,t),{})},v=function(n,t){return Array(2*t+1).join(" ")+n};return this}();
	</script>
</head>
	<body class='extent standard default hide-overflow '>
		<div id='theme-selector' alt='Click to toggle theme. To enable by default, use theme configuration.' title='Click to toggle theme. To enable by default, use theme configuration.'>
			<span><i class='material-icons'>desktop_windows</i></span>
		</div>
<nav>
	<div class="nav-wrapper">
		<a href="#!" class="brand-logo black"><img src="https://cdn.rawgit.com/extent-framework/extent-github-cdn/d74480e/commons/img/logo.png"></a>
		<!-- slideout menu -->
		<ul id='slide-out' class='side-nav fixed hide-on-med-and-down'>
			<li class='waves-effect active'><a href='#!' view='test-view' onclick="configureView(0);chartsView('test');"><i class='material-icons'>dashboard</i></a></li>
						<li class='waves-effect'><a href='#!' onclick="configureView(-1);chartsView('dashboard');" view='dashboard-view'><i class='material-icons'>track_changes</i></a></li>
		</ul>
		<!-- report name -->
		<span class='report-name'>Automation Exercise Report
         
                <img src='C:\Users\ADMIN\git\repository-automationexercise\automationexercise.com\Logo\Automation Exercise-Logo.png'/>
            
        </span>
		<!-- report headline -->
		<span class='report-headline'></span>
		<!-- nav-right -->
		<ul id='nav-mobile' class='right hide-on-med-and-down nav-right'>
			<a href='#!'>
			<span class='label blue darken-3 suite-start-time'>Aug 11, 2025 11:36:14 AM</span>
			</a>
		</ul>
	</div>
</nav>		<!-- container -->
		<div class='container'>
<div id='test-view' class='view'>
	<section id='controls'>
		<div class='controls grey lighten-4'>
			<!-- test toggle -->
			<div class='chip transparent'>
				<a class='dropdown-button tests-toggle' data-activates='tests-toggle' data-constrainwidth='true' data-beloworigin='true' data-hover='true' href='#'>
				<i class='material-icons'>warning</i> Status
				</a>
				<ul id='tests-toggle' class='dropdown-content'>
										<li status='pass'><a href='#!'>Pass <i class='material-icons green-text'>check_circle</i></a></li>
					<li status='fail'><a href='#!'>Fail <i class='material-icons red-text'>cancel</i></a></li>
					<li class='divider'></li>
					<li status='clear' clear='true'><a href='#!'>Clear Filters <i class='material-icons'>clear</i></a></li>
				</ul>
			</div>
			<!-- test toggle -->
			<!-- category toggle -->
			<!-- category toggle -->
			<!-- clear filters -->
			<div class='chip transparent hide'>
				<a class='' id='clear-filters' alt='Clear Filters' title='Clear Filters'>
				<i class='material-icons'>close</i> Clear
				</a>
			</div>
			<!-- clear filters -->
			<!-- enable dashboard -->
			<div id='toggle-test-view-charts' class='chip transparent'>
				<a class='pink-text' id='enable-dashboard' alt='Enable Dashboard' title='Enable Dashboard'>
				<i class='material-icons'>track_changes</i> Dashboard
				</a>
			</div>
			<!-- enable dashboard -->
			<!-- search -->
			<div class='chip transparent' alt='Search Tests' title='Search Tests'>
				<a href="#" class='search-div'>
				<i class='material-icons'>search</i> Search
				</a>
				<div class='input-field left hide'>
					<input id='search-tests' type='text' class='validate browser-default' placeholder='Search Tests...'>
				</div>
			</div>
			<!-- search -->
		</div>
	</section>
<div id='test-view-charts' class='subview-full'>
    <div id='charts-row' class='row nm-v nm-h'>
        <div class='col s12 m12 l12 np-h'>
            <div class='card-panel nm-v'>
                <div class='left panel-name'>Tests</div>
                <div class='chart-box' style="max-height:94px;">
                    <canvas id='parent-analysis' width='90' height='70'></canvas>
                </div>
                <div class='block text-small'>
                    <span class='tooltipped' data-position='top' data-tooltip='70.37%'><span class='strong'>19</span> test(s) passed</span>
                </div>
                <div class='block text-small'>
                    <span class='strong tooltipped' data-position='top' data-tooltip='29.63%'>8</span> test(s) failed, <span class='strong tooltipped' data-position='top' data-tooltip='0%'>0</span> others
                </div>
            </div>
        </div>
    </div>
    <div id="timeline-chart" class="row nm-v nm-h">
        <div class="col s12 m12 l12 np-h">
            <div class="card-panel">
                <div class='left panel-name'>Timeline (seconds)</div>
                <div class="chart-box" style="width:98%;max-height:145px;">
                    <canvas id="timeline" height="120"></canvas>
                </div>
            </div>
        </div>
    </div>
</div>	<div class='subview-left left'>
		<div class='view-summary'>
			<ul id='test-collection' class='test-collection'>
				<li class='test displayed active  pass' status='pass' bdd='false' test-id='1'>
					<div class='test-heading'>
						<span class='test-name'>addReviewOnProduct</span>
						<span class='test-time'>Aug 11, 2025 11:36:23 AM</span>
						<span class='test-status right pass'>pass</span>
					</div>
					<div class='test-content hide'>
<div class='test-time-info'>
	<span class='label start-time'>Aug 11, 2025 11:36:23 AM</span>
	<span class='label end-time'>Aug 11, 2025 11:36:29 AM</span>
	<span class='label time-taken grey lighten-1 white-text'>0h 0m 6s+837ms</span>
</div>
<div class='test-steps'>
	<table class='bordered table-results'>
		<thead>
			<tr>
				<th>Status</th>
				<th>Timestamp</th>
				<th>Details</th>
			</tr>
		</thead>
		<tbody>
			<tr class='log' status='pass'>
				<td class='status pass' title='pass' alt='pass'><i class='material-icons'>check_circle</i></td>
				<td class='timestamp'>11:36:29 AM</td>
				<td class='step-details'>
						Pass Test case is: addReviewOnProduct
					
				</td>
			</tr>
		</tbody>
	</table>
</div>
					</div>
				</li>
				<li class='test displayed active  pass' status='pass' bdd='false' test-id='2'>
					<div class='test-heading'>
						<span class='test-name'>addToCartFromRecommendedItems</span>
						<span class='test-time'>Aug 11, 2025 11:36:42 AM</span>
						<span class='test-status right pass'>pass</span>
					</div>
					<div class='test-content hide'>
<div class='test-time-info'>
	<span class='label start-time'>Aug 11, 2025 11:36:42 AM</span>
	<span class='label end-time'>Aug 11, 2025 11:36:52 AM</span>
	<span class='label time-taken grey lighten-1 white-text'>0h 0m 10s+66ms</span>
</div>
<div class='test-steps'>
	<table class='bordered table-results'>
		<thead>
			<tr>
				<th>Status</th>
				<th>Timestamp</th>
				<th>Details</th>
			</tr>
		</thead>
		<tbody>
			<tr class='log' status='pass'>
				<td class='status pass' title='pass' alt='pass'><i class='material-icons'>check_circle</i></td>
				<td class='timestamp'>11:36:52 AM</td>
				<td class='step-details'>
						Pass Test case is: addToCartFromRecommendedItems
					
				</td>
			</tr>
		</tbody>
	</table>
</div>
					</div>
				</li>
				<li class='test displayed active  pass' status='pass' bdd='false' test-id='3'>
					<div class='test-heading'>
						<span class='test-name'>downloadInvoice</span>
						<span class='test-time'>Aug 11, 2025 11:37:01 AM</span>
						<span class='test-status right pass'>pass</span>
					</div>
					<div class='test-content hide'>
<div class='test-time-info'>
	<span class='label start-time'>Aug 11, 2025 11:37:01 AM</span>
	<span class='label end-time'>Aug 11, 2025 11:37:44 AM</span>
	<span class='label time-taken grey lighten-1 white-text'>0h 0m 43s+5ms</span>
</div>
<div class='test-steps'>
	<table class='bordered table-results'>
		<thead>
			<tr>
				<th>Status</th>
				<th>Timestamp</th>
				<th>Details</th>
			</tr>
		</thead>
		<tbody>
			<tr class='log' status='pass'>
				<td class='status pass' title='pass' alt='pass'><i class='material-icons'>check_circle</i></td>
				<td class='timestamp'>11:37:44 AM</td>
				<td class='step-details'>
						Pass Test case is: downloadInvoice
					
				</td>
			</tr>
		</tbody>
	</table>
</div>
					</div>
				</li>
				<li class='test displayed active  pass' status='pass' bdd='false' test-id='4'>
					<div class='test-heading'>
						<span class='test-name'>searchProductsVerifyCartAfterLogin</span>
						<span class='test-time'>Aug 11, 2025 11:38:14 AM</span>
						<span class='test-status right pass'>pass</span>
					</div>
					<div class='test-content hide'>
<div class='test-time-info'>
	<span class='label start-time'>Aug 11, 2025 11:38:14 AM</span>
	<span class='label end-time'>Aug 11, 2025 11:38:31 AM</span>
	<span class='label time-taken grey lighten-1 white-text'>0h 0m 17s+69ms</span>
</div>
<div class='test-steps'>
	<table class='bordered table-results'>
		<thead>
			<tr>
				<th>Status</th>
				<th>Timestamp</th>
				<th>Details</th>
			</tr>
		</thead>
		<tbody>
			<tr class='log' status='pass'>
				<td class='status pass' title='pass' alt='pass'><i class='material-icons'>check_circle</i></td>
				<td class='timestamp'>11:38:31 AM</td>
				<td class='step-details'>
						Pass Test case is: searchProductsVerifyCartAfterLogin
					
				</td>
			</tr>
		</tbody>
	</table>
</div>
					</div>
				</li>
				<li class='test displayed active  fail' status='fail' bdd='false' test-id='5'>
					<div class='test-heading'>
						<span class='test-name'>verifyAddressDetailsInChkoutPage</span>
						<span class='test-time'>Aug 11, 2025 11:38:42 AM</span>
						<span class='test-status right fail'>fail</span>
					</div>
					<div class='test-content hide'>
<div class='test-time-info'>
	<span class='label start-time'>Aug 11, 2025 11:38:42 AM</span>
	<span class='label end-time'>Aug 11, 2025 11:39:05 AM</span>
	<span class='label time-taken grey lighten-1 white-text'>0h 0m 22s+454ms</span>
</div>
<div class='test-steps'>
	<table class='bordered table-results'>
		<thead>
			<tr>
				<th>Status</th>
				<th>Timestamp</th>
				<th>Details</th>
			</tr>
		</thead>
		<tbody>
			<tr class='log' status='fail'>
				<td class='status fail' title='fail' alt='fail'><i class='material-icons'>cancel</i></td>
				<td class='timestamp'>11:39:04 AM</td>
				<td class='step-details'>
						<span class='badge white-text red'>verifyAddressDetailsInChkoutPage - Test Case Failed</span>
					
				</td>
			</tr>
			<tr class='log' status='fail'>
				<td class='status fail' title='fail' alt='fail'><i class='material-icons'>cancel</i></td>
				<td class='timestamp'>11:39:04 AM</td>
				<td class='step-details'>
						<span class='badge white-text red'>java.lang.AssertionError: expected [true] but found [false] - Test Case Failed</span>
					
				</td>
			</tr>
			<tr class='log' status='fail'>
				<td class='status fail' title='fail' alt='fail'><i class='material-icons'>cancel</i></td>
				<td class='timestamp'>11:39:05 AM</td>
				<td class='step-details'>
						ScreenShot is Attached
					<img class='r-img' onerror='this.style.display="none"' data-featherlight='http://localhost:8082/job/MyStoreProject/ws/MyStoreProject/ScreenShots/verifyAddressDetailsInChkoutPage_20250811113904.png' src='http://localhost:8082/job/MyStoreProject/ws/MyStoreProject/ScreenShots/verifyAddressDetailsInChkoutPage_20250811113904.png' data-src='http://localhost:8082/job/MyStoreProject/ws/MyStoreProject/ScreenShots/verifyAddressDetailsInChkoutPage_20250811113904.png'>
				</td>
			</tr>
		</tbody>
	</table>
</div>
					</div>
				</li>
				<li class='test displayed active  pass' status='pass' bdd='false' test-id='6'>
					<div class='test-heading'>
						<span class='test-name'>viewCartBrandProducts</span>
						<span class='test-time'>Aug 11, 2025 11:39:11 AM</span>
						<span class='test-status right pass'>pass</span>
					</div>
					<div class='test-content hide'>
<div class='test-time-info'>
	<span class='label start-time'>Aug 11, 2025 11:39:11 AM</span>
	<span class='label end-time'>Aug 11, 2025 11:39:27 AM</span>
	<span class='label time-taken grey lighten-1 white-text'>0h 0m 16s+417ms</span>
</div>
<div class='test-steps'>
	<table class='bordered table-results'>
		<thead>
			<tr>
				<th>Status</th>
				<th>Timestamp</th>
				<th>Details</th>
			</tr>
		</thead>
		<tbody>
			<tr class='log' status='pass'>
				<td class='status pass' title='pass' alt='pass'><i class='material-icons'>check_circle</i></td>
				<td class='timestamp'>11:39:27 AM</td>
				<td class='step-details'>
						Pass Test case is: viewCartBrandProducts
					
				</td>
			</tr>
		</tbody>
	</table>
</div>
					</div>
				</li>
				<li class='test displayed active  pass' status='pass' bdd='false' test-id='7'>
					<div class='test-heading'>
						<span class='test-name'>viewCategoryProducts</span>
						<span class='test-time'>Aug 11, 2025 11:39:33 AM</span>
						<span class='test-status right pass'>pass</span>
					</div>
					<div class='test-content hide'>
<div class='test-time-info'>
	<span class='label start-time'>Aug 11, 2025 11:39:33 AM</span>
	<span class='label end-time'>Aug 11, 2025 11:40:02 AM</span>
	<span class='label time-taken grey lighten-1 white-text'>0h 0m 29s+385ms</span>
</div>
<div class='test-steps'>
	<table class='bordered table-results'>
		<thead>
			<tr>
				<th>Status</th>
				<th>Timestamp</th>
				<th>Details</th>
			</tr>
		</thead>
		<tbody>
			<tr class='log' status='pass'>
				<td class='status pass' title='pass' alt='pass'><i class='material-icons'>check_circle</i></td>
				<td class='timestamp'>11:40:02 AM</td>
				<td class='step-details'>
						Pass Test case is: viewCategoryProducts
					
				</td>
			</tr>
		</tbody>
	</table>
</div>
					</div>
				</li>
				<li class='test displayed active  fail' status='fail' bdd='false' test-id='8'>
					<div class='test-heading'>
						<span class='test-name'>addProductsInCart</span>
						<span class='test-time'>Aug 11, 2025 11:40:07 AM</span>
						<span class='test-status right fail'>fail</span>
					</div>
					<div class='test-content hide'>
<div class='test-time-info'>
	<span class='label start-time'>Aug 11, 2025 11:40:07 AM</span>
	<span class='label end-time'>Aug 11, 2025 11:40:24 AM</span>
	<span class='label time-taken grey lighten-1 white-text'>0h 0m 16s+966ms</span>
</div>
<div class='test-steps'>
	<table class='bordered table-results'>
		<thead>
			<tr>
				<th>Status</th>
				<th>Timestamp</th>
				<th>Details</th>
			</tr>
		</thead>
		<tbody>
			<tr class='log' status='fail'>
				<td class='status fail' title='fail' alt='fail'><i class='material-icons'>cancel</i></td>
				<td class='timestamp'>11:40:23 AM</td>
				<td class='step-details'>
						<span class='badge white-text red'>addProductsInCart - Test Case Failed</span>
					
				</td>
			</tr>
			<tr class='log' status='fail'>
				<td class='status fail' title='fail' alt='fail'><i class='material-icons'>cancel</i></td>
				<td class='timestamp'>11:40:23 AM</td>
				<td class='step-details'>
						<span class='badge white-text red'>java.lang.AssertionError: lists don't have the same size expected [5] but found [1] - Test Case Failed</span>
					
				</td>
			</tr>
			<tr class='log' status='fail'>
				<td class='status fail' title='fail' alt='fail'><i class='material-icons'>cancel</i></td>
				<td class='timestamp'>11:40:24 AM</td>
				<td class='step-details'>
						ScreenShot is Attached
					<img class='r-img' onerror='this.style.display="none"' data-featherlight='http://localhost:8082/job/MyStoreProject/ws/MyStoreProject/ScreenShots/addProductsInCart_20250811114023.png' src='http://localhost:8082/job/MyStoreProject/ws/MyStoreProject/ScreenShots/addProductsInCart_20250811114023.png' data-src='http://localhost:8082/job/MyStoreProject/ws/MyStoreProject/ScreenShots/addProductsInCart_20250811114023.png'>
				</td>
			</tr>
		</tbody>
	</table>
</div>
					</div>
				</li>
				<li class='test displayed active  pass' status='pass' bdd='false' test-id='9'>
					<div class='test-heading'>
						<span class='test-name'>searchProduct</span>
						<span class='test-time'>Aug 11, 2025 11:40:29 AM</span>
						<span class='test-status right pass'>pass</span>
					</div>
					<div class='test-content hide'>
<div class='test-time-info'>
	<span class='label start-time'>Aug 11, 2025 11:40:29 AM</span>
	<span class='label end-time'>Aug 11, 2025 11:40:37 AM</span>
	<span class='label time-taken grey lighten-1 white-text'>0h 0m 7s+837ms</span>
</div>
<div class='test-steps'>
	<table class='bordered table-results'>
		<thead>
			<tr>
				<th>Status</th>
				<th>Timestamp</th>
				<th>Details</th>
			</tr>
		</thead>
		<tbody>
			<tr class='log' status='pass'>
				<td class='status pass' title='pass' alt='pass'><i class='material-icons'>check_circle</i></td>
				<td class='timestamp'>11:40:37 AM</td>
				<td class='step-details'>
						Pass Test case is: searchProduct
					
				</td>
			</tr>
		</tbody>
	</table>
</div>
					</div>
				</li>
				<li class='test displayed active  fail' status='fail' bdd='false' test-id='10'>
					<div class='test-heading'>
						<span class='test-name'>verifyAllProductsAndProductDetails</span>
						<span class='test-time'>Aug 11, 2025 11:40:41 AM</span>
						<span class='test-status right fail'>fail</span>
					</div>
					<div class='test-content hide'>
<div class='test-time-info'>
	<span class='label start-time'>Aug 11, 2025 11:40:41 AM</span>
	<span class='label end-time'>Aug 11, 2025 11:40:48 AM</span>
	<span class='label time-taken grey lighten-1 white-text'>0h 0m 7s+120ms</span>
</div>
<div class='test-steps'>
	<table class='bordered table-results'>
		<thead>
			<tr>
				<th>Status</th>
				<th>Timestamp</th>
				<th>Details</th>
			</tr>
		</thead>
		<tbody>
			<tr class='log' status='fail'>
				<td class='status fail' title='fail' alt='fail'><i class='material-icons'>cancel</i></td>
				<td class='timestamp'>11:40:48 AM</td>
				<td class='step-details'>
						<span class='badge white-text red'>verifyAllProductsAndProductDetails - Test Case Failed</span>
					
				</td>
			</tr>
			<tr class='log' status='fail'>
				<td class='status fail' title='fail' alt='fail'><i class='material-icons'>cancel</i></td>
				<td class='timestamp'>11:40:48 AM</td>
				<td class='step-details'>
						<span class='badge white-text red'>java.lang.AssertionError: Lists differ at element [3]: Brand: Polo != Brand:  Polo expected [Brand: Polo] but found [Brand:  Polo] - Test Case Failed</span>
					
				</td>
			</tr>
			<tr class='log' status='fail'>
				<td class='status fail' title='fail' alt='fail'><i class='material-icons'>cancel</i></td>
				<td class='timestamp'>11:40:48 AM</td>
				<td class='step-details'>
						ScreenShot is Attached
					<img class='r-img' onerror='this.style.display="none"' data-featherlight='http://localhost:8082/job/MyStoreProject/ws/MyStoreProject/ScreenShots/verifyAllProductsAndProductDetails_20250811114048.png' src='http://localhost:8082/job/MyStoreProject/ws/MyStoreProject/ScreenShots/verifyAllProductsAndProductDetails_20250811114048.png' data-src='http://localhost:8082/job/MyStoreProject/ws/MyStoreProject/ScreenShots/verifyAllProductsAndProductDetails_20250811114048.png'>
				</td>
			</tr>
		</tbody>
	</table>
</div>
					</div>
				</li>
				<li class='test displayed active  pass' status='pass' bdd='false' test-id='11'>
					<div class='test-heading'>
						<span class='test-name'>verifyProductQuantityInCart</span>
						<span class='test-time'>Aug 11, 2025 11:40:54 AM</span>
						<span class='test-status right pass'>pass</span>
					</div>
					<div class='test-content hide'>
<div class='test-time-info'>
	<span class='label start-time'>Aug 11, 2025 11:40:54 AM</span>
	<span class='label end-time'>Aug 11, 2025 11:41:12 AM</span>
	<span class='label time-taken grey lighten-1 white-text'>0h 0m 18s+840ms</span>
</div>
<div class='test-steps'>
	<table class='bordered table-results'>
		<thead>
			<tr>
				<th>Status</th>
				<th>Timestamp</th>
				<th>Details</th>
			</tr>
		</thead>
		<tbody>
			<tr class='log' status='pass'>
				<td class='status pass' title='pass' alt='pass'><i class='material-icons'>check_circle</i></td>
				<td class='timestamp'>11:41:12 AM</td>
				<td class='step-details'>
						Pass Test case is: verifyProductQuantityInCart
					
				</td>
			</tr>
		</tbody>
	</table>
</div>
					</div>
				</li>
				<li class='test displayed active  fail' status='fail' bdd='false' test-id='12'>
					<div class='test-heading'>
						<span class='test-name'>placeOrderLoginBeforeChkout</span>
						<span class='test-time'>Aug 11, 2025 11:41:18 AM</span>
						<span class='test-status right fail'>fail</span>
					</div>
					<div class='test-content hide'>
<div class='test-time-info'>
	<span class='label start-time'>Aug 11, 2025 11:41:18 AM</span>
	<span class='label end-time'>Aug 11, 2025 11:42:01 AM</span>
	<span class='label time-taken grey lighten-1 white-text'>0h 0m 43s+59ms</span>
</div>
<div class='test-steps'>
	<table class='bordered table-results'>
		<thead>
			<tr>
				<th>Status</th>
				<th>Timestamp</th>
				<th>Details</th>
			</tr>
		</thead>
		<tbody>
			<tr class='log' status='fail'>
				<td class='status fail' title='fail' alt='fail'><i class='material-icons'>cancel</i></td>
				<td class='timestamp'>11:42:01 AM</td>
				<td class='step-details'>
						<span class='badge white-text red'>placeOrderLoginBeforeChkout - Test Case Failed</span>
					
				</td>
			</tr>
			<tr class='log' status='fail'>
				<td class='status fail' title='fail' alt='fail'><i class='material-icons'>cancel</i></td>
				<td class='timestamp'>11:42:01 AM</td>
				<td class='step-details'>
						<span class='badge white-text red'>java.lang.AssertionError: expected [true] but found [false] - Test Case Failed</span>
					
				</td>
			</tr>
			<tr class='log' status='fail'>
				<td class='status fail' title='fail' alt='fail'><i class='material-icons'>cancel</i></td>
				<td class='timestamp'>11:42:01 AM</td>
				<td class='step-details'>
						ScreenShot is Attached
					<img class='r-img' onerror='this.style.display="none"' data-featherlight='http://localhost:8082/job/MyStoreProject/ws/MyStoreProject/ScreenShots/placeOrderLoginBeforeChkout_20250811114201.png' src='http://localhost:8082/job/MyStoreProject/ws/MyStoreProject/ScreenShots/placeOrderLoginBeforeChkout_20250811114201.png' data-src='http://localhost:8082/job/MyStoreProject/ws/MyStoreProject/ScreenShots/placeOrderLoginBeforeChkout_20250811114201.png'>
				</td>
			</tr>
		</tbody>
	</table>
</div>
					</div>
				</li>
				<li class='test displayed active  fail' status='fail' bdd='false' test-id='13'>
					<div class='test-heading'>
						<span class='test-name'>placeOrderRegisterWhileChkout</span>
						<span class='test-time'>Aug 11, 2025 11:42:07 AM</span>
						<span class='test-status right fail'>fail</span>
					</div>
					<div class='test-content hide'>
<div class='test-time-info'>
	<span class='label start-time'>Aug 11, 2025 11:42:07 AM</span>
	<span class='label end-time'>Aug 11, 2025 11:42:14 AM</span>
	<span class='label time-taken grey lighten-1 white-text'>0h 0m 7s+146ms</span>
</div>
<div class='test-steps'>
	<table class='bordered table-results'>
		<thead>
			<tr>
				<th>Status</th>
				<th>Timestamp</th>
				<th>Details</th>
			</tr>
		</thead>
		<tbody>
			<tr class='log' status='fail'>
				<td class='status fail' title='fail' alt='fail'><i class='material-icons'>cancel</i></td>
				<td class='timestamp'>11:42:14 AM</td>
				<td class='step-details'>
						<span class='badge white-text red'>placeOrderRegisterWhileChkout - Test Case Failed</span>
					
				</td>
			</tr>
			<tr class='log' status='fail'>
				<td class='status fail' title='fail' alt='fail'><i class='material-icons'>cancel</i></td>
				<td class='timestamp'>11:42:14 AM</td>
				<td class='step-details'>
						<span class='badge white-text red'>org.openqa.selenium.ElementNotInteractableException: element not interactable: [object HTMLElement] has no size and location
  (Session info: chrome=138.0.7204.158)
Build info: version: '4.28.1', revision: '73f5ad48a2'
System info: os.name: 'Windows 11', os.arch: 'amd64', os.version: '10.0', java.version: '23.0.1'
Driver info: org.openqa.selenium.chrome.ChromeDriver
Command: [1132459bfe3748c5dee42b37dff0ffaa, actions {actions=[org.openqa.selenium.interactions.Sequence@7e3d168e]}]
Capabilities {acceptInsecureCerts: false, browserName: chrome, browserVersion: 138.0.7204.158, chrome: {chromedriverVersion: 138.0.7204.183 (e90faf484dd..., userDataDir: C:\Users\ADMIN\AppData\Loca...}, fedcm:accounts: true, goog:chromeOptions: {debuggerAddress: localhost:60214}, networkConnectionEnabled: false, pageLoadStrategy: normal, platformName: windows, proxy: Proxy(), se:cdp: ws://localhost:60214/devtoo..., se:cdpVersion: 138.0.7204.158, setWindowRect: true, strictFileInteractability: false, timeouts: {implicit: 0, pageLoad: 300000, script: 30000}, unhandledPromptBehavior: dismiss and notify, webauthn:extension:credBlob: true, webauthn:extension:largeBlob: true, webauthn:extension:minPinLength: true, webauthn:extension:prf: true, webauthn:virtualAuthenticators: true}
Session ID: 1132459bfe3748c5dee42b37dff0ffaa - Test Case Failed</span>
					
				</td>
			</tr>
			<tr class='log' status='fail'>
				<td class='status fail' title='fail' alt='fail'><i class='material-icons'>cancel</i></td>
				<td class='timestamp'>11:42:14 AM</td>
				<td class='step-details'>
						ScreenShot is Attached
					<img class='r-img' onerror='this.style.display="none"' data-featherlight='http://localhost:8082/job/MyStoreProject/ws/MyStoreProject/ScreenShots/placeOrderRegisterWhileChkout_20250811114214.png' src='http://localhost:8082/job/MyStoreProject/ws/MyStoreProject/ScreenShots/placeOrderRegisterWhileChkout_20250811114214.png' data-src='http://localhost:8082/job/MyStoreProject/ws/MyStoreProject/ScreenShots/placeOrderRegisterWhileChkout_20250811114214.png'>
				</td>
			</tr>
		</tbody>
	</table>
</div>
					</div>
				</li>
				<li class='test displayed active  fail' status='fail' bdd='false' test-id='14'>
					<div class='test-heading'>
						<span class='test-name'>placeOrderRegisterbeforeChkout</span>
						<span class='test-time'>Aug 11, 2025 11:42:20 AM</span>
						<span class='test-status right fail'>fail</span>
					</div>
					<div class='test-content hide'>
<div class='test-time-info'>
	<span class='label start-time'>Aug 11, 2025 11:42:20 AM</span>
	<span class='label end-time'>Aug 11, 2025 11:42:43 AM</span>
	<span class='label time-taken grey lighten-1 white-text'>0h 0m 22s+722ms</span>
</div>
<div class='test-steps'>
	<table class='bordered table-results'>
		<thead>
			<tr>
				<th>Status</th>
				<th>Timestamp</th>
				<th>Details</th>
			</tr>
		</thead>
		<tbody>
			<tr class='log' status='fail'>
				<td class='status fail' title='fail' alt='fail'><i class='material-icons'>cancel</i></td>
				<td class='timestamp'>11:42:42 AM</td>
				<td class='step-details'>
						<span class='badge white-text red'>placeOrderRegisterbeforeChkout - Test Case Failed</span>
					
				</td>
			</tr>
			<tr class='log' status='fail'>
				<td class='status fail' title='fail' alt='fail'><i class='material-icons'>cancel</i></td>
				<td class='timestamp'>11:42:42 AM</td>
				<td class='step-details'>
						<span class='badge white-text red'>org.openqa.selenium.json.JsonException: java.lang.reflect.InvocationTargetException
Build info: version: '4.28.1', revision: '73f5ad48a2'
System info: os.name: 'Windows 11', os.arch: 'amd64', os.version: '10.0', java.version: '23.0.1'
Driver info: org.openqa.selenium.chrome.ChromeDriver
Command: [c6706a4daf29996d4cf77b11ba675e71, actions {actions=[org.openqa.selenium.interactions.Sequence@2f75a9b1]}]
Capabilities {acceptInsecureCerts: false, browserName: chrome, browserVersion: 138.0.7204.158, chrome: {chromedriverVersion: 138.0.7204.183 (e90faf484dd..., userDataDir: C:\Users\ADMIN\AppData\Loca...}, fedcm:accounts: true, goog:chromeOptions: {debuggerAddress: localhost:60245}, networkConnectionEnabled: false, pageLoadStrategy: normal, platformName: windows, proxy: Proxy(), se:cdp: ws://localhost:60245/devtoo..., se:cdpVersion: 138.0.7204.158, setWindowRect: true, strictFileInteractability: false, timeouts: {implicit: 0, pageLoad: 300000, script: 30000}, unhandledPromptBehavior: dismiss and notify, webauthn:extension:credBlob: true, webauthn:extension:largeBlob: true, webauthn:extension:minPinLength: true, webauthn:extension:prf: true, webauthn:virtualAuthenticators: true}
Session ID: c6706a4daf29996d4cf77b11ba675e71 - Test Case Failed</span>
					
				</td>
			</tr>
			<tr class='log' status='fail'>
				<td class='status fail' title='fail' alt='fail'><i class='material-icons'>cancel</i></td>
				<td class='timestamp'>11:42:43 AM</td>
				<td class='step-details'>
						ScreenShot is Attached
					<img class='r-img' onerror='this.style.display="none"' data-featherlight='http://localhost:8082/job/MyStoreProject/ws/MyStoreProject/ScreenShots/placeOrderRegisterbeforeChkout_20250811114242.png' src='http://localhost:8082/job/MyStoreProject/ws/MyStoreProject/ScreenShots/placeOrderRegisterbeforeChkout_20250811114242.png' data-src='http://localhost:8082/job/MyStoreProject/ws/MyStoreProject/ScreenShots/placeOrderRegisterbeforeChkout_20250811114242.png'>
				</td>
			</tr>
		</tbody>
	</table>
</div>
					</div>
				</li>
				<li class='test displayed active  pass' status='pass' bdd='false' test-id='15'>
					<div class='test-heading'>
						<span class='test-name'>removeProductsFromCart</span>
						<span class='test-time'>Aug 11, 2025 11:42:48 AM</span>
						<span class='test-status right pass'>pass</span>
					</div>
					<div class='test-content hide'>
<div class='test-time-info'>
	<span class='label start-time'>Aug 11, 2025 11:42:48 AM</span>
	<span class='label end-time'>Aug 11, 2025 11:42:59 AM</span>
	<span class='label time-taken grey lighten-1 white-text'>0h 0m 10s+516ms</span>
</div>
<div class='test-steps'>
	<table class='bordered table-results'>
		<thead>
			<tr>
				<th>Status</th>
				<th>Timestamp</th>
				<th>Details</th>
			</tr>
		</thead>
		<tbody>
			<tr class='log' status='pass'>
				<td class='status pass' title='pass' alt='pass'><i class='material-icons'>check_circle</i></td>
				<td class='timestamp'>11:42:59 AM</td>
				<td class='step-details'>
						Pass Test case is: removeProductsFromCart
					
				</td>
			</tr>
		</tbody>
	</table>
</div>
					</div>
				</li>
				<li class='test displayed active  pass' status='pass' bdd='false' test-id='16'>
					<div class='test-heading'>
						<span class='test-name'>verifySubscriptionInCartPage</span>
						<span class='test-time'>Aug 11, 2025 11:43:03 AM</span>
						<span class='test-status right pass'>pass</span>
					</div>
					<div class='test-content hide'>
<div class='test-time-info'>
	<span class='label start-time'>Aug 11, 2025 11:43:03 AM</span>
	<span class='label end-time'>Aug 11, 2025 11:43:06 AM</span>
	<span class='label time-taken grey lighten-1 white-text'>0h 0m 2s+644ms</span>
</div>
<div class='test-steps'>
	<table class='bordered table-results'>
		<thead>
			<tr>
				<th>Status</th>
				<th>Timestamp</th>
				<th>Details</th>
			</tr>
		</thead>
		<tbody>
			<tr class='log' status='pass'>
				<td class='status pass' title='pass' alt='pass'><i class='material-icons'>check_circle</i></td>
				<td class='timestamp'>11:43:06 AM</td>
				<td class='step-details'>
						Pass Test case is: verifySubscriptionInCartPage
					
				</td>
			</tr>
		</tbody>
	</table>
</div>
					</div>
				</li>
				<li class='test displayed active  pass' status='pass' bdd='false' test-id='17'>
					<div class='test-heading'>
						<span class='test-name'>contactusPageFormTest</span>
						<span class='test-time'>Aug 11, 2025 11:43:11 AM</span>
						<span class='test-status right pass'>pass</span>
					</div>
					<div class='test-content hide'>
<div class='test-time-info'>
	<span class='label start-time'>Aug 11, 2025 11:43:11 AM</span>
	<span class='label end-time'>Aug 11, 2025 11:43:17 AM</span>
	<span class='label time-taken grey lighten-1 white-text'>0h 0m 5s+461ms</span>
</div>
<div class='test-steps'>
	<table class='bordered table-results'>
		<thead>
			<tr>
				<th>Status</th>
				<th>Timestamp</th>
				<th>Details</th>
			</tr>
		</thead>
		<tbody>
			<tr class='log' status='pass'>
				<td class='status pass' title='pass' alt='pass'><i class='material-icons'>check_circle</i></td>
				<td class='timestamp'>11:43:17 AM</td>
				<td class='step-details'>
						Pass Test case is: contactusPageFormTest
					
				</td>
			</tr>
		</tbody>
	</table>
</div>
					</div>
				</li>
				<li class='test displayed active  pass' status='pass' bdd='false' test-id='18'>
					<div class='test-heading'>
						<span class='test-name'>loginUserWithCorrectEmailAndPassword</span>
						<span class='test-time'>Aug 11, 2025 11:43:23 AM</span>
						<span class='test-status right pass'>pass</span>
					</div>
					<div class='test-content hide'>
<div class='test-time-info'>
	<span class='label start-time'>Aug 11, 2025 11:43:23 AM</span>
	<span class='label end-time'>Aug 11, 2025 11:43:40 AM</span>
	<span class='label time-taken grey lighten-1 white-text'>0h 0m 16s+620ms</span>
</div>
<div class='test-steps'>
	<table class='bordered table-results'>
		<thead>
			<tr>
				<th>Status</th>
				<th>Timestamp</th>
				<th>Details</th>
			</tr>
		</thead>
		<tbody>
			<tr class='log' status='pass'>
				<td class='status pass' title='pass' alt='pass'><i class='material-icons'>check_circle</i></td>
				<td class='timestamp'>11:43:40 AM</td>
				<td class='step-details'>
						Pass Test case is: loginUserWithCorrectEmailAndPassword
					
				</td>
			</tr>
		</tbody>
	</table>
</div>
					</div>
				</li>
				<li class='test displayed active  pass' status='pass' bdd='false' test-id='19'>
					<div class='test-heading'>
						<span class='test-name'>loginUserWithInCorrectEmailAndPassword</span>
						<span class='test-time'>Aug 11, 2025 11:43:44 AM</span>
						<span class='test-status right pass'>pass</span>
					</div>
					<div class='test-content hide'>
<div class='test-time-info'>
	<span class='label start-time'>Aug 11, 2025 11:43:44 AM</span>
	<span class='label end-time'>Aug 11, 2025 11:43:46 AM</span>
	<span class='label time-taken grey lighten-1 white-text'>0h 0m 1s+927ms</span>
</div>
<div class='test-steps'>
	<table class='bordered table-results'>
		<thead>
			<tr>
				<th>Status</th>
				<th>Timestamp</th>
				<th>Details</th>
			</tr>
		</thead>
		<tbody>
			<tr class='log' status='pass'>
				<td class='status pass' title='pass' alt='pass'><i class='material-icons'>check_circle</i></td>
				<td class='timestamp'>11:43:46 AM</td>
				<td class='step-details'>
						Pass Test case is: loginUserWithInCorrectEmailAndPassword
					
				</td>
			</tr>
		</tbody>
	</table>
</div>
					</div>
				</li>
				<li class='test displayed active  pass' status='pass' bdd='false' test-id='20'>
					<div class='test-heading'>
						<span class='test-name'>loginUserWithInCorrectEmailAndPassword</span>
						<span class='test-time'>Aug 11, 2025 11:43:50 AM</span>
						<span class='test-status right pass'>pass</span>
					</div>
					<div class='test-content hide'>
<div class='test-time-info'>
	<span class='label start-time'>Aug 11, 2025 11:43:50 AM</span>
	<span class='label end-time'>Aug 11, 2025 11:43:52 AM</span>
	<span class='label time-taken grey lighten-1 white-text'>0h 0m 2s+0ms</span>
</div>
<div class='test-steps'>
	<table class='bordered table-results'>
		<thead>
			<tr>
				<th>Status</th>
				<th>Timestamp</th>
				<th>Details</th>
			</tr>
		</thead>
		<tbody>
			<tr class='log' status='pass'>
				<td class='status pass' title='pass' alt='pass'><i class='material-icons'>check_circle</i></td>
				<td class='timestamp'>11:43:52 AM</td>
				<td class='step-details'>
						Pass Test case is: loginUserWithInCorrectEmailAndPassword
					
				</td>
			</tr>
		</tbody>
	</table>
</div>
					</div>
				</li>
				<li class='test displayed active  pass' status='pass' bdd='false' test-id='21'>
					<div class='test-heading'>
						<span class='test-name'>loginUserWithInCorrectEmailAndPassword</span>
						<span class='test-time'>Aug 11, 2025 11:43:56 AM</span>
						<span class='test-status right pass'>pass</span>
					</div>
					<div class='test-content hide'>
<div class='test-time-info'>
	<span class='label start-time'>Aug 11, 2025 11:43:56 AM</span>
	<span class='label end-time'>Aug 11, 2025 11:43:59 AM</span>
	<span class='label time-taken grey lighten-1 white-text'>0h 0m 2s+682ms</span>
</div>
<div class='test-steps'>
	<table class='bordered table-results'>
		<thead>
			<tr>
				<th>Status</th>
				<th>Timestamp</th>
				<th>Details</th>
			</tr>
		</thead>
		<tbody>
			<tr class='log' status='pass'>
				<td class='status pass' title='pass' alt='pass'><i class='material-icons'>check_circle</i></td>
				<td class='timestamp'>11:43:59 AM</td>
				<td class='step-details'>
						Pass Test case is: loginUserWithInCorrectEmailAndPassword
					
				</td>
			</tr>
		</tbody>
	</table>
</div>
					</div>
				</li>
				<li class='test displayed active  pass' status='pass' bdd='false' test-id='22'>
					<div class='test-heading'>
						<span class='test-name'>loginUserWithInCorrectEmailAndPassword</span>
						<span class='test-time'>Aug 11, 2025 11:44:03 AM</span>
						<span class='test-status right pass'>pass</span>
					</div>
					<div class='test-content hide'>
<div class='test-time-info'>
	<span class='label start-time'>Aug 11, 2025 11:44:03 AM</span>
	<span class='label end-time'>Aug 11, 2025 11:44:04 AM</span>
	<span class='label time-taken grey lighten-1 white-text'>0h 0m 1s+313ms</span>
</div>
<div class='test-steps'>
	<table class='bordered table-results'>
		<thead>
			<tr>
				<th>Status</th>
				<th>Timestamp</th>
				<th>Details</th>
			</tr>
		</thead>
		<tbody>
			<tr class='log' status='pass'>
				<td class='status pass' title='pass' alt='pass'><i class='material-icons'>check_circle</i></td>
				<td class='timestamp'>11:44:04 AM</td>
				<td class='step-details'>
						Pass Test case is: loginUserWithInCorrectEmailAndPassword
					
				</td>
			</tr>
		</tbody>
	</table>
</div>
					</div>
				</li>
				<li class='test displayed active  pass' status='pass' bdd='false' test-id='23'>
					<div class='test-heading'>
						<span class='test-name'>logoutUser</span>
						<span class='test-time'>Aug 11, 2025 11:44:10 AM</span>
						<span class='test-status right pass'>pass</span>
					</div>
					<div class='test-content hide'>
<div class='test-time-info'>
	<span class='label start-time'>Aug 11, 2025 11:44:10 AM</span>
	<span class='label end-time'>Aug 11, 2025 11:44:18 AM</span>
	<span class='label time-taken grey lighten-1 white-text'>0h 0m 8s+294ms</span>
</div>
<div class='test-steps'>
	<table class='bordered table-results'>
		<thead>
			<tr>
				<th>Status</th>
				<th>Timestamp</th>
				<th>Details</th>
			</tr>
		</thead>
		<tbody>
			<tr class='log' status='pass'>
				<td class='status pass' title='pass' alt='pass'><i class='material-icons'>check_circle</i></td>
				<td class='timestamp'>11:44:18 AM</td>
				<td class='step-details'>
						Pass Test case is: logoutUser
					
				</td>
			</tr>
		</tbody>
	</table>
</div>
					</div>
				</li>
				<li class='test displayed active  fail' status='fail' bdd='false' test-id='24'>
					<div class='test-heading'>
						<span class='test-name'>registerUserTest</span>
						<span class='test-time'>Aug 11, 2025 11:44:24 AM</span>
						<span class='test-status right fail'>fail</span>
					</div>
					<div class='test-content hide'>
<div class='test-time-info'>
	<span class='label start-time'>Aug 11, 2025 11:44:24 AM</span>
	<span class='label end-time'>Aug 11, 2025 11:44:46 AM</span>
	<span class='label time-taken grey lighten-1 white-text'>0h 0m 21s+534ms</span>
</div>
<div class='test-steps'>
	<table class='bordered table-results'>
		<thead>
			<tr>
				<th>Status</th>
				<th>Timestamp</th>
				<th>Details</th>
			</tr>
		</thead>
		<tbody>
			<tr class='log' status='fail'>
				<td class='status fail' title='fail' alt='fail'><i class='material-icons'>cancel</i></td>
				<td class='timestamp'>11:44:45 AM</td>
				<td class='step-details'>
						<span class='badge white-text red'>registerUserTest - Test Case Failed</span>
					
				</td>
			</tr>
			<tr class='log' status='fail'>
				<td class='status fail' title='fail' alt='fail'><i class='material-icons'>cancel</i></td>
				<td class='timestamp'>11:44:45 AM</td>
				<td class='step-details'>
						<span class='badge white-text red'>java.lang.AssertionError: expected [true] but found [false] - Test Case Failed</span>
					
				</td>
			</tr>
			<tr class='log' status='fail'>
				<td class='status fail' title='fail' alt='fail'><i class='material-icons'>cancel</i></td>
				<td class='timestamp'>11:44:46 AM</td>
				<td class='step-details'>
						ScreenShot is Attached
					<img class='r-img' onerror='this.style.display="none"' data-featherlight='http://localhost:8082/job/MyStoreProject/ws/MyStoreProject/ScreenShots/registerUserTest_20250811114445.png' src='http://localhost:8082/job/MyStoreProject/ws/MyStoreProject/ScreenShots/registerUserTest_20250811114445.png' data-src='http://localhost:8082/job/MyStoreProject/ws/MyStoreProject/ScreenShots/registerUserTest_20250811114445.png'>
				</td>
			</tr>
		</tbody>
	</table>
</div>
					</div>
				</li>
				<li class='test displayed active  pass' status='pass' bdd='false' test-id='25'>
					<div class='test-heading'>
						<span class='test-name'>registerUserwithExistingEmail</span>
						<span class='test-time'>Aug 11, 2025 11:44:52 AM</span>
						<span class='test-status right pass'>pass</span>
					</div>
					<div class='test-content hide'>
<div class='test-time-info'>
	<span class='label start-time'>Aug 11, 2025 11:44:52 AM</span>
	<span class='label end-time'>Aug 11, 2025 11:44:56 AM</span>
	<span class='label time-taken grey lighten-1 white-text'>0h 0m 3s+745ms</span>
</div>
<div class='test-steps'>
	<table class='bordered table-results'>
		<thead>
			<tr>
				<th>Status</th>
				<th>Timestamp</th>
				<th>Details</th>
			</tr>
		</thead>
		<tbody>
			<tr class='log' status='pass'>
				<td class='status pass' title='pass' alt='pass'><i class='material-icons'>check_circle</i></td>
				<td class='timestamp'>11:44:56 AM</td>
				<td class='step-details'>
						Pass Test case is: registerUserwithExistingEmail
					
				</td>
			</tr>
		</tbody>
	</table>
</div>
					</div>
				</li>
				<li class='test displayed active  fail' status='fail' bdd='false' test-id='26'>
					<div class='test-heading'>
						<span class='test-name'>verifySubscriptionInhomePage</span>
						<span class='test-time'>Aug 11, 2025 11:45:01 AM</span>
						<span class='test-status right fail'>fail</span>
					</div>
					<div class='test-content hide'>
<div class='test-time-info'>
	<span class='label start-time'>Aug 11, 2025 11:45:01 AM</span>
	<span class='label end-time'>Aug 11, 2025 11:45:22 AM</span>
	<span class='label time-taken grey lighten-1 white-text'>0h 0m 20s+723ms</span>
</div>
<div class='test-steps'>
	<table class='bordered table-results'>
		<thead>
			<tr>
				<th>Status</th>
				<th>Timestamp</th>
				<th>Details</th>
			</tr>
		</thead>
		<tbody>
			<tr class='log' status='fail'>
				<td class='status fail' title='fail' alt='fail'><i class='material-icons'>cancel</i></td>
				<td class='timestamp'>11:45:22 AM</td>
				<td class='step-details'>
						<span class='badge white-text red'>verifySubscriptionInhomePage - Test Case Failed</span>
					
				</td>
			</tr>
			<tr class='log' status='fail'>
				<td class='status fail' title='fail' alt='fail'><i class='material-icons'>cancel</i></td>
				<td class='timestamp'>11:45:22 AM</td>
				<td class='step-details'>
						<span class='badge white-text red'>org.openqa.selenium.NoSuchElementException: no such element: Unable to locate element: {"method":"css selector","selector":"#\/\/div\[\@class\=\'alert\-success\ alert\'\]"}
  (Session info: chrome=138.0.7204.158)
For documentation on this error, please visit: https://www.selenium.dev/documentation/webdriver/troubleshooting/errors#no-such-element-exception
Build info: version: '4.28.1', revision: '73f5ad48a2'
System info: os.name: 'Windows 11', os.arch: 'amd64', os.version: '10.0', java.version: '23.0.1'
Driver info: org.openqa.selenium.chrome.ChromeDriver
Command: [a217dc049c097bab39a88497f964ae6f, findElement {value=//div[@class='alert-success alert'], using=id}]
Capabilities {acceptInsecureCerts: false, browserName: chrome, browserVersion: 138.0.7204.158, chrome: {chromedriverVersion: 138.0.7204.183 (e90faf484dd..., userDataDir: C:\Users\ADMIN\AppData\Loca...}, fedcm:accounts: true, goog:chromeOptions: {debuggerAddress: localhost:60636}, networkConnectionEnabled: false, pageLoadStrategy: normal, platformName: windows, proxy: Proxy(), se:cdp: ws://localhost:60636/devtoo..., se:cdpVersion: 138.0.7204.158, setWindowRect: true, strictFileInteractability: false, timeouts: {implicit: 0, pageLoad: 300000, script: 30000}, unhandledPromptBehavior: dismiss and notify, webauthn:extension:credBlob: true, webauthn:extension:largeBlob: true, webauthn:extension:minPinLength: true, webauthn:extension:prf: true, webauthn:virtualAuthenticators: true}
Session ID: a217dc049c097bab39a88497f964ae6f - Test Case Failed</span>
					
				</td>
			</tr>
			<tr class='log' status='fail'>
				<td class='status fail' title='fail' alt='fail'><i class='material-icons'>cancel</i></td>
				<td class='timestamp'>11:45:22 AM</td>
				<td class='step-details'>
						ScreenShot is Attached
					<img class='r-img' onerror='this.style.display="none"' data-featherlight='http://localhost:8082/job/MyStoreProject/ws/MyStoreProject/ScreenShots/verifySubscriptionInhomePage_20250811114522.png' src='http://localhost:8082/job/MyStoreProject/ws/MyStoreProject/ScreenShots/verifySubscriptionInhomePage_20250811114522.png' data-src='http://localhost:8082/job/MyStoreProject/ws/MyStoreProject/ScreenShots/verifySubscriptionInhomePage_20250811114522.png'>
				</td>
			</tr>
		</tbody>
	</table>
</div>
					</div>
				</li>
				<li class='test displayed active  pass' status='pass' bdd='false' test-id='27'>
					<div class='test-heading'>
						<span class='test-name'>verifyTestCasePage</span>
						<span class='test-time'>Aug 11, 2025 11:45:27 AM</span>
						<span class='test-status right pass'>pass</span>
					</div>
					<div class='test-content hide'>
<div class='test-time-info'>
	<span class='label start-time'>Aug 11, 2025 11:45:27 AM</span>
	<span class='label end-time'>Aug 11, 2025 11:45:29 AM</span>
	<span class='label time-taken grey lighten-1 white-text'>0h 0m 1s+977ms</span>
</div>
<div class='test-steps'>
	<table class='bordered table-results'>
		<thead>
			<tr>
				<th>Status</th>
				<th>Timestamp</th>
				<th>Details</th>
			</tr>
		</thead>
		<tbody>
			<tr class='log' status='pass'>
				<td class='status pass' title='pass' alt='pass'><i class='material-icons'>check_circle</i></td>
				<td class='timestamp'>11:45:29 AM</td>
				<td class='step-details'>
						Pass Test case is: verifyTestCasePage
					
				</td>
			</tr>
		</tbody>
	</table>
</div>
					</div>
				</li>
			</ul>
		</div>
	</div>
	<!-- subview left -->
	<div class='subview-right left'>
		<div class='view-summary'>
			<div id='step-filters' class="right sr-filters">
				<a class="btn-floating waves-effect waves-light green" status="pass" alt="pass" title="pass"><i class="material-icons">check_circle</i></a>
				<a class="btn-floating waves-effect waves-light red" status="fail" alt="fail" title="fail"><i class="material-icons">cancel</i></a>
				<a class="btn-floating waves-effect waves-light red darken-4" status="fatal" alt="fatal" title="fatal"><i class="material-icons">cancel</i></a>
				<a class="btn-floating waves-effect waves-light pink text-lighten-1" status="error" alt="error" title="error"><i class="material-icons">error</i></a>
				<a class="btn-floating waves-effect waves-light orange" alt="warning" status="warning" title="warning"><i class="material-icons">warning</i></a>
				<a class="btn-floating waves-effect waves-light teal" status="skip" alt="skip" title="skip"><i class="material-icons">redo</i></a>
				<a class="btn-floating waves-effect waves-light grey" status="clear" alt="Clear filters" title="Clear filters"><i class="material-icons">clear</i></a>
			</div>
			<h5 class='test-name'></h5>
		</div>
	</div>
	<!-- subview right -->
</div>
<!-- test view --><!-- category view --><!-- exception view --><div id='dashboard-view' class='view hide'>
	<div class='card-panel transparent np-v'>
		<h5>Dashboard</h5>

		<div class='row'>
			<div class='col s2'>
				<div class='card-panel r'>
					Tests
					<div class='panel-lead'>27</div>
				</div>
			</div>
			<div class='col s2'>
				<div class='card-panel r'>
					Steps
					<div class='panel-lead'>0</div>
				</div>
			</div>
			<div class='col s2'>
				<div class='card-panel r'>
					Start
					<div class='panel-lead'>Aug 11, 2025 11:36:14 AM</div>
				</div>
			</div>
			<div class='col s2'>
				<div class='card-panel r'>
			 		End
			 		<div class='panel-lead'>Aug 11, 2025 11:45:29 AM</div>
				</div>
			</div>
			<div class='col s2'>
				<div class='card-panel r'>
					Time Taken
					<div class='panel-lead'>0h 9m 15s+193ms</div>
				</div>
			</div>
			<div class='col s4'>
				<div class='card-panel dashboard-environment'>
					<span class='right label cyan white-text'>Environment</span><p>&nbsp;</p>
					
					<table>
						<tr>
							<th>Name</th>
							<th>Value</th>
						</tr>
							<tr>
								<td>HostName</td>
								<td>MyHost</td>
							</tr>
							<tr>
								<td>ProjectName</td>
								<td>Automation Exercise</td>
							</tr>
							<tr>
								<td>Tester</td>
								<td>Jayanthi</td>
							</tr>
							<tr>
								<td>OS</td>
								<td>Win11</td>
							</tr>
							<tr>
								<td>Browser</td>
								<td>Chrome</td>
							</tr>
					</table>
				</div>
			</div>
		</div>
	</div>
</div>
<!-- dashboard view -->
<!-- testrunner-logs view -->		</div>
		<!-- container -->
		<script>
			var statusGroup = {
                parentCount: 27,
				passParent: 19,
				failParent: 8,
				fatalParent: 0,
				errorParent: 0,
				warningParent: 0,
				skipParent: 0,
				exceptionsParent: 8,
				childCount: 0,
				passChild: 0,
				failChild: 0,
				fatalChild: 0,
				errorChild: 0,
				warningChild: 0,
				skipChild: 0,
				infoChild: 0,
				debugChild: 0,
				exceptionsChild: 0,
				grandChildCount: 0,
				passGrandChild: 0,
				failGrandChild: 0,
				fatalGrandChild: 0,
				errorGrandChild: 0,
				warningGrandChild: 0,
				skipGrandChild: 0,
				infoGrandChild: 0,
				debugGrandChild: 0,
				exceptionsGrandChild: 0,
			};
		</script>
		<script>
			var timeline = {
			        "addReviewOnProduct":6.837,"addToCartFromRecommendedItems":10.066,"downloadInvoice":43.005,"searchProductsVerifyCartAfterLogin":17.069,"verifyAddressDetailsInChkoutPage":22.454,"viewCartBrandProducts":16.417,"viewCategoryProducts":29.385,"addProductsInCart":16.966,"searchProduct":7.837,"verifyAllProductsAndProductDetails":7.12,"verifyProductQuantityInCart":18.84,"placeOrderLoginBeforeChkout":43.059,"placeOrderRegisterWhileChkout":7.146,"placeOrderRegisterbeforeChkout":22.722,"removeProductsFromCart":10.516,"verifySubscriptionInCartPage":2.644,"contactusPageFormTest":5.461,"loginUserWithCorrectEmailAndPassword":16.62,"loginUserWithInCorrectEmailAndPassword":1.927,"loginUserWithInCorrectEmailAndPassword":2,"loginUserWithInCorrectEmailAndPassword":2.682,"loginUserWithInCorrectEmailAndPassword":1.313,"logoutUser":8.294,"registerUserTest":21.534,"registerUserwithExistingEmail":3.745,"verifySubscriptionInhomePage":20.723,"verifyTestCasePage":1.977
			};
		</script>
		<script src='http://cdn.rawgit.com/extent-framework/extent-github-cdn/b65cd69/v3html/js/extent.js' type='text/javascript'></script>
		<script type='text/javascript'>
			
            
                $(document).ready(function() {
                    
                });
            
        
		</script>
	</body>
</html>